<?xml version="1.0" encoding="UTF-8"?>
<!-- Generated by org.testng.reporters.JUnitReportReporter -->
<testsuite hostname="abhishreshthag-w" failures="0" tests="4" name="com.Test.Day3" time="0.007" errors="0" timestamp="2023-07-06T15:32:54 IST" skipped="1">
  <testcase classname="com.Test.Day3" name="MobileCarLogin" time="0.001"/>
  <testcase classname="com.Test.Day3" name="APiCarLogin" time="0.005"/>
  <testcase classname="com.Test.Day3" name="WebCarlogin" time="0.001"/>
  <testcase classname="com.Test.Day3" name="AndroiCarLogin">
    <skipped/>
  </testcase> <!-- AndroiCarLogin -->
</testsuite> <!-- com.Test.Day3 -->
