<?xml version="1.0" encoding="UTF-8"?>
<!-- Generated by org.testng.reporters.JUnitReportReporter -->
<testsuite hostname="abhishreshthag-w" failures="0" tests="1" name="com.Test.Day1" time="0.010" errors="0" timestamp="2023-07-06T15:32:50 IST" skipped="0">
  <testcase classname="com.Test.Day1" name="Demo" time="0.010"/>
</testsuite> <!-- com.Test.Day1 -->
