<?xml version="1.0" encoding="UTF-8"?>
<!-- Generated by org.testng.reporters.JUnitReportReporter -->
<testsuite hostname="abhishreshthag-w" failures="0" tests="1" name="com.Test.Day4" time="0.001" errors="0" timestamp="2023-07-06T15:32:50 IST" skipped="0">
  <testcase classname="com.Test.Day4" name="APiLoginhome" time="0.001"/>
</testsuite> <!-- com.Test.Day4 -->
